* using log directory 'C:/Users/Bjorn/Documents/LIU/Advanced_R_Programming/lab3/luckylab/luckpack.Rcheck'
* using R version 3.6.1 (2019-07-05)
* using platform: x86_64-w64-mingw32 (64-bit)
* using session charset: ISO8859-1
* using options '--no-manual --as-cran'
* checking for file 'luckpack/DESCRIPTION' ... OK
* checking extension type ... Package
* this is package 'luckpack' version '1.0'
* checking package namespace information ... OK
* checking package dependencies ... OK
* checking if this is a source package ... OK
* checking if there is a namespace ... OK
* checking for executable files ... OK
* checking for hidden files and directories ... OK
* checking for portable file names ... OK
* checking whether package 'luckpack' can be installed ... OK
* checking installed package size ... OK
* checking package directory ... OK
* checking for future file timestamps ... OK
* checking DESCRIPTION meta-information ... OK
* checking top-level files ... OK
* checking for left-over files ... OK
* checking index information ... OK
* checking package subdirectories ... OK
* checking R files for non-ASCII characters ... OK
* checking R files for syntax errors ... OK
* checking whether the package can be loaded ... OK
* checking whether the package can be loaded with stated dependencies ... OK
* checking whether the package can be unloaded cleanly ... OK
* checking whether the namespace can be loaded with stated dependencies ... OK
* checking whether the namespace can be unloaded cleanly ... OK
* checking loading without being on the library search path ... OK
* checking dependencies in R code ... OK
* checking S3 generic/method consistency ... OK
* checking replacement functions ... OK
* checking foreign function calls ... OK
* checking R code for possible problems ... NOTE
dijkstra: no visible binding for global variable 'v1'
dijkstra: no visible binding for global variable 'v2'
dijkstra: no visible binding for global variable 'w'
Undefined global functions or variables:
  v1 v2 w
* checking Rd files ... OK
* checking Rd metadata ... OK
* checking Rd line widths ... NOTE
Rd file 'dijkstra.Rd':
  \examples lines wider than 100 characters:
     dijkstra(wiki_graph = data.frame(v1=c(1,1,1,2,2,2,3,3,3,3,4,4,4,5,5,6,6,6),v2=c(2,3,6,1,3,4,1,2,4,6,2,3,5,4,6,1,3,5),w=c(7,9,14,7,10,15 ... [TRUNCATED]
     dijkstra(wiki_graph = data.frame(v1=c(1,1,1,2,2,2,3,3,3,3,4,4,4,5,5,6,6,6),v2=c(2,3,6,1,3,4,1,2,4,6,2,3,5,4,6,1,3,5),w=c(7,9,14,7,10,15 ... [TRUNCATED]

These lines will be truncated in the PDF manual.
* checking Rd cross-references ... OK
* checking for missing documentation entries ... OK
* checking for code/documentation mismatches ... OK
* checking Rd \usage sections ... OK
* checking Rd contents ... OK
* checking for unstated dependencies in examples ... OK
* checking contents of 'data' directory ... OK
* checking data for non-ASCII characters ... OK
* checking data for ASCII and uncompressed saves ... OK
* checking examples ... ERROR
Running examples in 'luckpack-Ex.R' failed
The error most likely occurred in:

> base::assign(".ptime", proc.time(), pos = "CheckExEnv")
> ### Name: dijkstra
> ### Title: Create Dijkstras Alogrithm
> ### Aliases: dijkstra
> 
> ### ** Examples
> 
> dijkstra(wiki_graph = data.frame(v1=c(1,1,1,2,2,2,3,3,3,3,4,4,4,5,5,6,6,6),v2=c(2,3,6,1,3,4,1,2,4,6,2,3,5,4,6,1,3,5),w=c(7,9,14,7,10,15,9,10,11,2,15,11,6,6,9,14,2,9)), 1)
Error in dijkstra(wiki_graph = data.frame(v1 = c(1, 1, 1, 2, 2, 2, 3,  : 
  unused argument (wiki_graph = data.frame(v1 = c(1, 1, 1, 2, 2, 2, 3, 3, 3, 3, 4, 4, 4, 5, 5, 6, 6, 6), v2 = c(2, 3, 6, 1, 3, 4, 1, 2, 4, 6, 2, 3, 5, 4, 6, 1, 3, 5), w = c(7, 9, 14, 7, 10, 15, 9, 10, 11, 2, 15, 11, 6, 6, 9, 14, 2, 9)))
Execution halted
* checking for unstated dependencies in 'tests' ... OK
* checking tests ... ERROR
  Running 'testthat.R'
Running the tests in 'tests/testthat.R' failed.
Last 13 lines of output:
  [31m--[39m [31m1. Error: outputs are correct in the Dij[39m
  object 'v1' not found
  1: expect_equal(dijkstra(wiki_graph, 1), c(0, 7, 
         9, 20, 20, 11)) at testthat/test_dijkstra.R:9
  2: quasi_label(enquo(object), label, arg = "object")
  3: eval_bare(get_expr(quo), get_env(quo))
  4: dijkstra(wiki_graph, 1)
  5: stopifnot(names(graph) == c(v1, v2, w))
  
  == testthat results  ======================
  [ OK: 10 | SKIPPED: 0 | WARNINGS: 0 | FAILED: 1 ]
  1. Error: outputs are correct in the Dijkstra algorithm. (@test_dijkstra.R#9) 
  
  Error: testthat unit tests failed
  Execution halted
* DONE
Status: 2 ERRORs, 2 NOTEs
